#
# There is insufficient memory for the Java Runtime Environment to continue.
# Native memory allocation (mmap) failed to map 132120576 bytes for Failed to commit area from 0x0000000082200000 to 0x000000008a000000 of length 132120576.
# Possible reasons:
#   The system is out of physical RAM or swap space
#   The process is running with CompressedOops enabled, and the Java Heap may be blocking the growth of the native heap
# Possible solutions:
#   Reduce memory load on the system
#   Increase physical memory or swap space
#   Check if swap backing store is full
#   Decrease Java heap size (-Xmx/-Xms)
#   Decrease number of Java threads
#   Decrease Java thread stack sizes (-Xss)
#   Set larger code cache with -XX:ReservedCodeCacheSize=
# This output file may be truncated or incomplete.
#
#  Out of Memory Error (t:/workspace/open/src/hotspot/os/windows/os_windows.cpp:3301), pid=6676, tid=4224
#
# JRE version:  (13.0.2+8) (build )
# Java VM: Java HotSpot(TM) 64-Bit Server VM (13.0.2+8, mixed mode, aot, sharing, tiered, compressed oops, g1 gc, windows-amd64)
# No core dump will be written. Minidumps are not enabled by default on client versions of Windows
#

---------------  S U M M A R Y ------------

Command Line: -Dfile.encoding=UTF-8 Main

Host: Intel(R) Core(TM) i5-8300H CPU @ 2.30GHz, 8 cores, 7G,  Windows 10 , 64 bit Build 18362 (10.0.18362.329)
Time: Wed Mar  4 20:53:45 2020 India Standard Time elapsed time: 0 seconds (0d 0h 0m 0s)

---------------  T H R E A D  ---------------

Current thread (0x0000021bd2bcd000):  JavaThread "Unknown thread" [_thread_in_vm, id=4224, stack(0x0000004aacd00000,0x0000004aace00000)]

Stack: [0x0000004aacd00000,0x0000004aace00000]
Native frames: (J=compiled Java code, j=interpreted, Vv=VM code, C=native code)
V  [jvm.dll+0x624f9a]
V  [jvm.dll+0x770cfa]
V  [jvm.dll+0x7724af]
V  [jvm.dll+0x772ab3]
V  [jvm.dll+0x24bf08]
V  [jvm.dll+0x6222aa]
V  [jvm.dll+0x6170b5]
V  [jvm.dll+0x30a88c]
V  [jvm.dll+0x30a6c2]
V  [jvm.dll+0x30fe36]
V  [jvm.dll+0x353f46]
V  [jvm.dll+0x353720]
V  [jvm.dll+0x2e550a]
V  [jvm.dll+0x2e67a2]
V  [jvm.dll+0x74dd78]
V  [jvm.dll+0x361989]
V  [jvm.dll+0x730e65]
V  [jvm.dll+0x3cc53f]
V  [jvm.dll+0x3ce861]
C  [jli.dll+0x51ff]
C  [ucrtbase.dll+0x20e72]
C  [KERNEL32.DLL+0x17bd4]
C  [ntdll.dll+0x6ced1]


---------------  P R O C E S S  ---------------

Threads class SMR info:
_java_thread_list=0x00007ffb0c18ccb8, length=0, elements={
}

Java Threads: ( => current thread )

Other Threads:
  0x0000021bd2c10000 GCTaskThread "GC Thread#0" [stack: 0x0000004aace00000,0x0000004aacf00000] [id=14712]
  0x0000021bd2c23800 ConcurrentGCThread "G1 Main Marker" [stack: 0x0000004aacf00000,0x0000004aad000000] [id=14412]
  0x0000021bd2c26000 ConcurrentGCThread "G1 Conc#0" [stack: 0x0000004aad000000,0x0000004aad100000] [id=13576]

[error occurred during error reporting (printing all threads), id 0xc0000005, EXCEPTION_ACCESS_VIOLATION (0xc0000005) at pc=0x00007ffb0b9c51d7]

VM state:not at safepoint (not fully initialized)

VM Mutex/Monitor currently owned by a thread:  ([mutex/lock_event])
[0x0000021bd2bc9c80] Heap_lock - owner thread: 0x0000021bd2bcd000

Heap address: 0x0000000082200000, size: 2014 MB, Compressed Oops mode: Non-zero based: 0x0000000082200000
Narrow klass base: 0x0000000000000000, Narrow klass shift: 0

GC Heap History (0 events):
No events

Deoptimization events (0 events):
No events

Classes unloaded (0 events):
No events

Classes redefined (0 events):
No events

Internal exceptions (0 events):
No events

Events (8 events):
Event: 0.014 Loaded shared library C:\Program Files\Java\jdk-13.0.2\bin\zip.dll
Event: 0.015 Loaded shared library C:\Program Files\Java\jdk-13.0.2\bin\jimage.dll
Event: 0.016 Loading shared library C:\Program Files\Java\jdk-13.0.2\lib\libjava.base-coop.dll failed, error code 126
Event: 0.017 Loading shared library C:\Program Files\Java\jdk-13.0.2\lib\libjava.logging-coop.dll failed, error code 126
Event: 0.017 Loading shared library C:\Program Files\Java\jdk-13.0.2\lib\libjdk.compiler-coop.dll failed, error code 126
Event: 0.017 Loading shared library C:\Program Files\Java\jdk-13.0.2\lib\libjdk.scripting.nashorn-coop.dll failed, error code 126
Event: 0.017 Loading shared library C:\Program Files\Java\jdk-13.0.2\lib\libjdk.internal.vm.ci-coop.dll failed, error code 126
Event: 0.017 Loading shared library C:\Program Files\Java\jdk-13.0.2\lib\libjdk.internal.vm.compiler-coop.dll failed, error code 126


Dynamic libraries:
0x00007ff7d9e60000 - 0x00007ff7d9e6f000 	C:\Program Files\Java\jdk-13.0.2\bin\javaw.exe
0x00007ffb5ba40000 - 0x00007ffb5bc30000 	C:\Windows\SYSTEM32\ntdll.dll
0x00007ffb5a410000 - 0x00007ffb5a4c2000 	C:\Windows\System32\KERNEL32.DLL
0x00007ffb58b20000 - 0x00007ffb58dc3000 	C:\Windows\System32\KERNELBASE.dll
0x00007ffb58fa0000 - 0x00007ffb5909a000 	C:\Windows\System32\ucrtbase.dll
0x00007ffb53860000 - 0x00007ffb53878000 	C:\Program Files\Java\jdk-13.0.2\bin\jli.dll
0x00007ffb52a60000 - 0x00007ffb52a75000 	C:\Program Files\Java\jdk-13.0.2\bin\VCRUNTIME140.dll
0x00007ffb59f60000 - 0x00007ffb5a003000 	C:\Windows\System32\ADVAPI32.dll
0x00007ffb5a7c0000 - 0x00007ffb5a85e000 	C:\Windows\System32\msvcrt.dll
0x00007ffb5a160000 - 0x00007ffb5a1f7000 	C:\Windows\System32\sechost.dll
0x00007ffb5a010000 - 0x00007ffb5a130000 	C:\Windows\System32\RPCRT4.dll
0x00007ffb5a620000 - 0x00007ffb5a7b4000 	C:\Windows\System32\USER32.dll
0x00007ffb59820000 - 0x00007ffb59841000 	C:\Windows\System32\win32u.dll
0x00007ffb5a130000 - 0x00007ffb5a156000 	C:\Windows\System32\GDI32.dll
0x00007ffb43be0000 - 0x00007ffb43e65000 	C:\Windows\WinSxS\amd64_microsoft.windows.common-controls_6595b64144ccf1df_6.0.18362.657_none_e6c5b579130e3898\COMCTL32.dll
0x00007ffb598b0000 - 0x00007ffb59a44000 	C:\Windows\System32\gdi32full.dll
0x00007ffb5b380000 - 0x00007ffb5b6b6000 	C:\Windows\System32\combase.dll
0x00007ffb58f00000 - 0x00007ffb58f9e000 	C:\Windows\System32\msvcp_win.dll
0x00007ffb58dd0000 - 0x00007ffb58e50000 	C:\Windows\System32\bcryptPrimitives.dll
0x00007ffb53240000 - 0x00007ffb5324a000 	C:\Windows\SYSTEM32\VERSION.dll
0x00007ffb5b970000 - 0x00007ffb5b99e000 	C:\Windows\System32\IMM32.DLL
0x00007ffb19a90000 - 0x00007ffb19b2b000 	C:\Program Files\Java\jdk-13.0.2\bin\msvcp140.dll
0x00007ffb0b6d0000 - 0x00007ffb0c22d000 	C:\Program Files\Java\jdk-13.0.2\bin\server\jvm.dll
0x00007ffb5a610000 - 0x00007ffb5a618000 	C:\Windows\System32\PSAPI.DLL
0x00007ffb43bb0000 - 0x00007ffb43bb9000 	C:\Windows\SYSTEM32\WSOCK32.dll
0x00007ffb539e0000 - 0x00007ffb53a04000 	C:\Windows\SYSTEM32\WINMM.dll
0x00007ffb5a4d0000 - 0x00007ffb5a53f000 	C:\Windows\System32\WS2_32.dll
0x00007ffb53950000 - 0x00007ffb5397d000 	C:\Windows\SYSTEM32\winmmbase.dll
0x00007ffb59aa0000 - 0x00007ffb59aea000 	C:\Windows\System32\cfgmgr32.dll
0x00007ffb589b0000 - 0x00007ffb589c1000 	C:\Windows\System32\kernel.appcore.dll
0x00007ffb547d0000 - 0x00007ffb547e0000 	C:\Program Files\Java\jdk-13.0.2\bin\verify.dll
0x00007ffb57240000 - 0x00007ffb57434000 	C:\Windows\SYSTEM32\DBGHELP.DLL
0x00007ffb42e90000 - 0x00007ffb42eba000 	C:\Windows\SYSTEM32\dbgcore.DLL
0x00007ffb2abc0000 - 0x00007ffb2abe6000 	C:\Program Files\Java\jdk-13.0.2\bin\java.dll
0x00007ffb42b10000 - 0x00007ffb42b27000 	C:\Program Files\Java\jdk-13.0.2\bin\zip.dll
0x00007ffb528f0000 - 0x00007ffb528fa000 	C:\Program Files\Java\jdk-13.0.2\bin\jimage.dll

dbghelp: loaded successfully - version: 4.0.5 - missing functions: none
symbol engine: initialized successfully - sym options: 0x614 - pdb path: .;C:\Program Files\Java\jdk-13.0.2\bin;C:\Windows\SYSTEM32;C:\Windows\WinSxS\amd64_microsoft.windows.common-controls_6595b64144ccf1df_6.0.18362.657_none_e6c5b579130e3898;C:\Program Files\Java\jdk-13.0.2\bin\server

VM Arguments:
jvm_args: -Dfile.encoding=UTF-8 
java_command: Main
java_class_path (initial): C:\Users\RUPINI\eclipse-workspace\Collectionframework\target\classes
Launcher Type: SUN_STANDARD

[Global flags]
     intx CICompilerCount                          = 4                                         {product} {ergonomic}
     uint ConcGCThreads                            = 2                                         {product} {ergonomic}
     uint G1ConcRefinementThreads                  = 8                                         {product} {ergonomic}
   size_t G1HeapRegionSize                         = 1048576                                   {product} {ergonomic}
    uintx GCDrainStackTargetSize                   = 64                                        {product} {ergonomic}
   size_t InitialHeapSize                          = 132120576                                 {product} {ergonomic}
   size_t MarkStackSize                            = 4194304                                   {product} {ergonomic}
   size_t MaxHeapSize                              = 2111832064                                {product} {ergonomic}
   size_t MinHeapDeltaBytes                        = 1048576                                   {product} {ergonomic}
   size_t MinHeapSize                              = 8388608                                   {product} {ergonomic}
    uintx NonNMethodCodeHeapSize                   = 5839372                                {pd product} {ergonomic}
    uintx NonProfiledCodeHeapSize                  = 122909434                              {pd product} {ergonomic}
    uintx ProfiledCodeHeapSize                     = 122909434                              {pd product} {ergonomic}
    uintx ReservedCodeCacheSize                    = 251658240                              {pd product} {ergonomic}
     bool SegmentedCodeCache                       = true                                      {product} {ergonomic}
   size_t SoftMaxHeapSize                          = 2111832064                             {manageable} {ergonomic}
     bool UseCompressedClassPointers               = true                                 {lp64_product} {ergonomic}
     bool UseCompressedOops                        = true                                 {lp64_product} {ergonomic}
     bool UseG1GC                                  = true                                      {product} {ergonomic}
     bool UseLargePagesIndividualAllocation        = false                                  {pd product} {ergonomic}

Logging:
Log output configuration:
 #0: stdout all=warning uptime,level,tags
 #1: stderr all=off uptime,level,tags

Environment Variables:
PATH=C:/Program Files/Java/jdk-13.0.2/bin/server;C:/Program Files/Java/jdk-13.0.2/bin;C:\Program Files (x86)\Intel\Intel(R) Management Engine Components\iCLS\;C:\Program Files\Intel\Intel(R) Management Engine Components\iCLS\;C:\Windows\system32;C:\Windows;C:\Windows\System32\Wbem;C:\Windows\System32\WindowsPowerShell\v1.0\;C:\Windows\System32\OpenSSH\;C:\Program Files (x86)\NVIDIA Corporation\PhysX\Common;C:\Program Files (x86)\Intel\Intel(R) Management Engine Components\DAL;C:\Program Files\Intel\Intel(R) Management Engine Components\DAL;C:\Program Files (x86)\Intel\Intel(R) Management Engine Components\IPT;C:\Program Files\Intel\Intel(R) Management Engine Components\IPT;C:\Program Files\Intel\WiFi\bin\;C:\Program Files\Common Files\Intel\WirelessCommon\;C:\Program Files\Git\cmd;C:\Users\RUPINI\AppData\Local\Microsoft\WindowsApps;C:\Users\RUPINI\AppData\Local\GitHubDesktop\bin;C:\Program Files\Java\jdk-13.0.2;;C:\Users\RUPINI\Desktop;
USERNAME=RUPINI
OS=Windows_NT
PROCESSOR_IDENTIFIER=Intel64 Family 6 Model 158 Stepping 10, GenuineIntel



---------------  S Y S T E M  ---------------

OS: Windows 10 , 64 bit Build 18362 (10.0.18362.329)

CPU:total 8 (initial active 8) (4 cores per cpu, 2 threads per core) family 6 model 158 stepping 10, cmov, cx8, fxsr, mmx, sse, sse2, sse3, ssse3, sse4.1, sse4.2, popcnt, avx, avx2, aes, clmul, erms, 3dnowpref, lzcnt, ht, tsc, tscinvbit, bmi1, bmi2, adx, fma

Memory: 4k page, system-wide physical 8052M (236M free)
TotalPageFile size 32628M (AvailPageFile size 88M)
current process WorkingSet (physical memory assigned to process): 10M, peak: 10M
current process commit charge ("private bytes"): 60M, peak: 186M

vm_info: Java HotSpot(TM) 64-Bit Server VM (13.0.2+8) for windows-amd64 JRE (13.0.2+8), built on Dec 11 2019 09:20:33 by "mach5one" with unknown MS VC++:1916

END.
